{"/Users/ray.borkowski/Projects/tiny-picker/spec/unit/tiny-picker.spec.js":{"path":"/Users/ray.borkowski/Projects/tiny-picker/spec/unit/tiny-picker.spec.js","s":{"1":1,"2":1,"3":1,"4":1,"5":1,"6":1,"7":1,"8":1,"9":1,"10":1,"11":0,"12":1,"13":1,"14":1},"b":{},"f":{"1":1,"2":1,"3":0,"4":1},"fnMap":{"1":{"name":"(anonymous_1)","line":9,"loc":{"start":{"line":9,"column":23},"end":{"line":9,"column":35}}},"2":{"name":"setUpTinyPicker","line":10,"loc":{"start":{"line":10,"column":4},"end":{"line":10,"column":31}}},"3":{"name":"(anonymous_3)","line":18,"loc":{"start":{"line":18,"column":21},"end":{"line":18,"column":36}}},"4":{"name":"(anonymous_4)","line":21,"loc":{"start":{"line":21,"column":30},"end":{"line":21,"column":42}}}},"statementMap":{"1":{"start":{"line":1,"column":0},"end":{"line":1,"column":40}},"2":{"start":{"line":2,"column":0},"end":{"line":2,"column":35}},"3":{"start":{"line":3,"column":0},"end":{"line":3,"column":160}},"4":{"start":{"line":4,"column":0},"end":{"line":4,"column":27}},"5":{"start":{"line":5,"column":0},"end":{"line":5,"column":38}},"6":{"start":{"line":6,"column":0},"end":{"line":6,"column":44}},"7":{"start":{"line":7,"column":0},"end":{"line":7,"column":65}},"8":{"start":{"line":9,"column":0},"end":{"line":26,"column":3}},"9":{"start":{"line":10,"column":4},"end":{"line":20,"column":5}},"10":{"start":{"line":11,"column":8},"end":{"line":19,"column":18}},"11":{"start":{"line":18,"column":38},"end":{"line":18,"column":57}},"12":{"start":{"line":21,"column":4},"end":{"line":25,"column":7}},"13":{"start":{"line":22,"column":8},"end":{"line":22,"column":26}},"14":{"start":{"line":24,"column":8},"end":{"line":24,"column":32}}},"branchMap":{}},"/Users/ray.borkowski/Projects/tiny-picker/index.js":{"path":"/Users/ray.borkowski/Projects/tiny-picker/index.js","s":{"1":1,"2":0,"3":0,"4":0,"5":1,"6":0,"7":1,"8":0,"9":1,"10":4,"11":1,"12":0,"13":1,"14":1,"15":1,"16":0,"17":1,"18":0,"19":0,"20":1,"21":0,"22":1,"23":0,"24":0,"25":0,"26":1,"27":0,"28":0,"29":0,"30":1,"31":0,"32":0,"33":0,"34":0,"35":0,"36":0,"37":0,"38":0,"39":0,"40":0,"41":1,"42":0,"43":0,"44":0,"45":0,"46":0,"47":0,"48":0,"49":0,"50":1,"51":1,"52":1,"53":1,"54":1,"55":1,"56":1,"57":1,"58":1,"59":1,"60":1,"61":1,"62":1,"63":1,"64":1,"65":1,"66":1,"67":1,"68":0,"69":0,"70":0,"71":0,"72":0,"73":0,"74":0,"75":0,"76":0,"77":0,"78":0,"79":1,"80":0,"81":0,"82":0,"83":0,"84":0,"85":0,"86":0,"87":0,"88":0,"89":0,"90":0,"91":0,"92":0,"93":0,"94":0,"95":0,"96":0,"97":0,"98":0,"99":1,"100":0,"101":0,"102":0,"103":0,"104":0,"105":0,"106":0,"107":0,"108":0,"109":0,"110":0,"111":0,"112":1,"113":0,"114":0,"115":0,"116":0,"117":0,"118":0,"119":0,"120":0,"121":0,"122":0,"123":1,"124":0,"125":0,"126":0,"127":0,"128":0,"129":0,"130":0,"131":0,"132":0,"133":0,"134":0,"135":0,"136":0,"137":0,"138":0,"139":0,"140":0,"141":0,"142":0,"143":0,"144":0,"145":0,"146":1,"147":0,"148":0,"149":0,"150":0,"151":0,"152":0,"153":0,"154":0,"155":0,"156":0,"157":0,"158":0,"159":0,"160":1,"161":2,"162":2,"163":1,"164":1,"165":2,"166":0,"167":1,"168":0,"169":0,"170":0,"171":0,"172":0,"173":0,"174":0,"175":1,"176":1,"177":2,"178":1,"179":1,"180":0,"181":0,"182":0,"183":1,"184":1,"185":0,"186":0,"187":0,"188":1,"189":0,"190":1},"b":{"1":[0,0],"2":[2,2],"3":[0,0],"4":[0,0,0],"5":[0,0],"6":[0,0],"7":[1,1],"8":[1,0],"9":[1,0],"10":[1,0],"11":[1,0],"12":[1,0],"13":[1,0],"14":[1,1],"15":[0,1],"16":[1,1,0],"17":[1,0,1],"18":[0,0],"19":[0,0],"20":[0,0],"21":[0,0],"22":[0,0],"23":[0,0,0],"24":[0,0],"25":[0,0],"26":[0,0],"27":[0,0],"28":[0,0],"29":[0,0],"30":[0,0],"31":[0,0],"32":[0,0,0,0],"33":[0,0],"34":[0,0],"35":[0,0],"36":[0,0],"37":[0,0],"38":[0,0,0],"39":[0,0],"40":[0,0,0],"41":[2,0],"42":[1,1],"43":[2,1],"44":[0,2],"45":[0,0],"46":[0,0],"47":[0,0,0],"48":[0,0],"49":[1,1],"50":[0,0]},"f":{"1":0,"2":0,"3":0,"4":4,"5":0,"6":1,"7":0,"8":0,"9":0,"10":0,"11":0,"12":0,"13":0,"14":1,"15":0,"16":0,"17":0,"18":0,"19":0,"20":0,"21":0,"22":0,"23":0,"24":0,"25":0,"26":0,"27":0,"28":0,"29":0,"30":2,"31":0,"32":1,"33":2,"34":0,"35":0,"36":0,"37":0},"fnMap":{"1":{"name":"createElementWithClass","line":11,"loc":{"start":{"line":11,"column":0},"end":{"line":11,"column":49}}},"2":{"name":"appendChild","line":17,"loc":{"start":{"line":17,"column":0},"end":{"line":17,"column":36}}},"3":{"name":"getFirstElementByClass","line":21,"loc":{"start":{"line":21,"column":0},"end":{"line":21,"column":43}}},"4":{"name":"newDateInstance","line":25,"loc":{"start":{"line":25,"column":0},"end":{"line":25,"column":30}}},"5":{"name":"addClass","line":29,"loc":{"start":{"line":29,"column":0},"end":{"line":29,"column":33}}},"6":{"name":"getTime","line":33,"loc":{"start":{"line":33,"column":0},"end":{"line":33,"column":23}}},"7":{"name":"getNumberOfWeeks","line":37,"loc":{"start":{"line":37,"column":0},"end":{"line":37,"column":32}}},"8":{"name":"removeCalendar","line":41,"loc":{"start":{"line":41,"column":0},"end":{"line":41,"column":35}}},"9":{"name":"isDateTodayOrFuture","line":46,"loc":{"start":{"line":46,"column":0},"end":{"line":46,"column":57}}},"10":{"name":"positionCalendar","line":50,"loc":{"start":{"line":50,"column":0},"end":{"line":50,"column":58}}},"11":{"name":"writeCSSToHead","line":56,"loc":{"start":{"line":56,"column":0},"end":{"line":56,"column":26}}},"12":{"name":"getDays","line":62,"loc":{"start":{"line":62,"column":0},"end":{"line":62,"column":47}}},"13":{"name":"getMonthsInfoForCalendar","line":84,"loc":{"start":{"line":84,"column":0},"end":{"line":84,"column":69}}},"14":{"name":"TinyPicker","line":97,"loc":{"start":{"line":97,"column":0},"end":{"line":97,"column":31}}},"15":{"name":"(anonymous_15)","line":105,"loc":{"start":{"line":105,"column":38},"end":{"line":105,"column":50}}},"16":{"name":"(anonymous_16)","line":106,"loc":{"start":{"line":106,"column":30},"end":{"line":106,"column":42}}},"17":{"name":"showCalendar","line":123,"loc":{"start":{"line":123,"column":4},"end":{"line":123,"column":49}}},"18":{"name":"(anonymous_18)","line":133,"loc":{"start":{"line":133,"column":38},"end":{"line":133,"column":55}}},"19":{"name":"(anonymous_19)","line":134,"loc":{"start":{"line":134,"column":45},"end":{"line":134,"column":58}}},"20":{"name":"renderCalendar","line":144,"loc":{"start":{"line":144,"column":4},"end":{"line":144,"column":46}}},"21":{"name":"(anonymous_21)","line":154,"loc":{"start":{"line":154,"column":28},"end":{"line":154,"column":45}}},"22":{"name":"(anonymous_22)","line":163,"loc":{"start":{"line":163,"column":34},"end":{"line":163,"column":49}}},"23":{"name":"handleCalendarState","line":175,"loc":{"start":{"line":175,"column":4},"end":{"line":175,"column":54}}},"24":{"name":"getChevrons","line":194,"loc":{"start":{"line":194,"column":4},"end":{"line":194,"column":47}}},"25":{"name":"(anonymous_25)","line":200,"loc":{"start":{"line":200,"column":45},"end":{"line":200,"column":58}}},"26":{"name":"createCalInnerWorkings","line":211,"loc":{"start":{"line":211,"column":4},"end":{"line":211,"column":63}}},"27":{"name":"(anonymous_27)","line":214,"loc":{"start":{"line":214,"column":22},"end":{"line":214,"column":38}}},"28":{"name":"hoverRange","line":248,"loc":{"start":{"line":248,"column":4},"end":{"line":248,"column":42}}},"29":{"name":"(anonymous_29)","line":249,"loc":{"start":{"line":249,"column":41},"end":{"line":249,"column":54}}},"30":{"name":"setDateInEl","line":271,"loc":{"start":{"line":271,"column":4},"end":{"line":271,"column":55}}},"31":{"name":"userInputedDateHandler","line":282,"loc":{"start":{"line":282,"column":4},"end":{"line":282,"column":45}}},"32":{"name":"(anonymous_32)","line":295,"loc":{"start":{"line":295,"column":16},"end":{"line":295,"column":28}}},"33":{"name":"(anonymous_33)","line":296,"loc":{"start":{"line":296,"column":36},"end":{"line":296,"column":55}}},"34":{"name":"(anonymous_34)","line":298,"loc":{"start":{"line":298,"column":46},"end":{"line":298,"column":59}}},"35":{"name":"(anonymous_35)","line":305,"loc":{"start":{"line":305,"column":48},"end":{"line":305,"column":61}}},"36":{"name":"(anonymous_36)","line":307,"loc":{"start":{"line":307,"column":35},"end":{"line":307,"column":47}}},"37":{"name":"(anonymous_37)","line":313,"loc":{"start":{"line":313,"column":46},"end":{"line":313,"column":59}}}},"statementMap":{"1":{"start":{"line":11,"column":0},"end":{"line":15,"column":1}},"2":{"start":{"line":12,"column":4},"end":{"line":12,"column":42}},"3":{"start":{"line":13,"column":4},"end":{"line":13,"column":35}},"4":{"start":{"line":14,"column":4},"end":{"line":14,"column":14}},"5":{"start":{"line":17,"column":0},"end":{"line":19,"column":1}},"6":{"start":{"line":18,"column":4},"end":{"line":18,"column":30}},"7":{"start":{"line":21,"column":0},"end":{"line":23,"column":1}},"8":{"start":{"line":22,"column":4},"end":{"line":22,"column":57}},"9":{"start":{"line":25,"column":0},"end":{"line":27,"column":1}},"10":{"start":{"line":26,"column":4},"end":{"line":26,"column":44}},"11":{"start":{"line":29,"column":0},"end":{"line":31,"column":1}},"12":{"start":{"line":30,"column":4},"end":{"line":30,"column":32}},"13":{"start":{"line":33,"column":0},"end":{"line":35,"column":1}},"14":{"start":{"line":34,"column":4},"end":{"line":34,"column":26}},"15":{"start":{"line":37,"column":0},"end":{"line":39,"column":1}},"16":{"start":{"line":38,"column":4},"end":{"line":38,"column":63}},"17":{"start":{"line":41,"column":0},"end":{"line":44,"column":1}},"18":{"start":{"line":42,"column":4},"end":{"line":42,"column":52}},"19":{"start":{"line":43,"column":4},"end":{"line":43,"column":50}},"20":{"start":{"line":46,"column":0},"end":{"line":48,"column":1}},"21":{"start":{"line":47,"column":4},"end":{"line":47,"column":90}},"22":{"start":{"line":50,"column":0},"end":{"line":54,"column":1}},"23":{"start":{"line":51,"column":4},"end":{"line":51,"column":58}},"24":{"start":{"line":52,"column":4},"end":{"line":52,"column":140}},"25":{"start":{"line":53,"column":4},"end":{"line":53,"column":55}},"26":{"start":{"line":56,"column":0},"end":{"line":60,"column":1}},"27":{"start":{"line":57,"column":4},"end":{"line":57,"column":50}},"28":{"start":{"line":58,"column":4},"end":{"line":58,"column":1485}},"29":{"start":{"line":59,"column":4},"end":{"line":59,"column":39}},"30":{"start":{"line":62,"column":0},"end":{"line":82,"column":1}},"31":{"start":{"line":63,"column":4},"end":{"line":67,"column":6}},"32":{"start":{"line":68,"column":4},"end":{"line":68,"column":98}},"33":{"start":{"line":69,"column":4},"end":{"line":80,"column":5}},"34":{"start":{"line":70,"column":8},"end":{"line":70,"column":59}},"35":{"start":{"line":71,"column":8},"end":{"line":73,"column":9}},"36":{"start":{"line":72,"column":12},"end":{"line":72,"column":35}},"37":{"start":{"line":75,"column":8},"end":{"line":75,"column":40}},"38":{"start":{"line":76,"column":8},"end":{"line":78,"column":10}},"39":{"start":{"line":79,"column":8},"end":{"line":79,"column":41}},"40":{"start":{"line":81,"column":4},"end":{"line":81,"column":17}},"41":{"start":{"line":84,"column":0},"end":{"line":95,"column":1}},"42":{"start":{"line":85,"column":4},"end":{"line":85,"column":23}},"43":{"start":{"line":86,"column":4},"end":{"line":86,"column":42}},"44":{"start":{"line":87,"column":4},"end":{"line":87,"column":43}},"45":{"start":{"line":88,"column":4},"end":{"line":92,"column":5}},"46":{"start":{"line":89,"column":8},"end":{"line":89,"column":51}},"47":{"start":{"line":90,"column":8},"end":{"line":90,"column":58}},"48":{"start":{"line":91,"column":8},"end":{"line":91,"column":30}},"49":{"start":{"line":94,"column":4},"end":{"line":94,"column":21}},"50":{"start":{"line":97,"column":0},"end":{"line":318,"column":1}},"51":{"start":{"line":98,"column":4},"end":{"line":98,"column":38}},"52":{"start":{"line":99,"column":4},"end":{"line":99,"column":42}},"53":{"start":{"line":100,"column":4},"end":{"line":107,"column":6}},"54":{"start":{"line":108,"column":4},"end":{"line":108,"column":30}},"55":{"start":{"line":109,"column":4},"end":{"line":109,"column":63}},"56":{"start":{"line":110,"column":4},"end":{"line":110,"column":60}},"57":{"start":{"line":112,"column":4},"end":{"line":112,"column":72}},"58":{"start":{"line":113,"column":4},"end":{"line":113,"column":25}},"59":{"start":{"line":114,"column":4},"end":{"line":114,"column":34}},"60":{"start":{"line":115,"column":4},"end":{"line":115,"column":20}},"61":{"start":{"line":116,"column":4},"end":{"line":116,"column":31}},"62":{"start":{"line":117,"column":4},"end":{"line":117,"column":38}},"63":{"start":{"line":118,"column":4},"end":{"line":118,"column":40}},"64":{"start":{"line":119,"column":4},"end":{"line":119,"column":115}},"65":{"start":{"line":120,"column":4},"end":{"line":120,"column":36}},"66":{"start":{"line":121,"column":4},"end":{"line":121,"column":77}},"67":{"start":{"line":123,"column":4},"end":{"line":142,"column":5}},"68":{"start":{"line":124,"column":8},"end":{"line":126,"column":9}},"69":{"start":{"line":125,"column":12},"end":{"line":125,"column":114}},"70":{"start":{"line":128,"column":8},"end":{"line":128,"column":110}},"71":{"start":{"line":129,"column":8},"end":{"line":129,"column":46}},"72":{"start":{"line":130,"column":8},"end":{"line":130,"column":77}},"73":{"start":{"line":133,"column":8},"end":{"line":141,"column":11}},"74":{"start":{"line":134,"column":12},"end":{"line":140,"column":15}},"75":{"start":{"line":135,"column":16},"end":{"line":135,"column":34}},"76":{"start":{"line":136,"column":16},"end":{"line":136,"column":75}},"77":{"start":{"line":137,"column":16},"end":{"line":139,"column":17}},"78":{"start":{"line":138,"column":20},"end":{"line":138,"column":54}},"79":{"start":{"line":144,"column":4},"end":{"line":173,"column":5}},"80":{"start":{"line":145,"column":8},"end":{"line":145,"column":42}},"81":{"start":{"line":147,"column":8},"end":{"line":147,"column":93}},"82":{"start":{"line":148,"column":8},"end":{"line":148,"column":106}},"83":{"start":{"line":150,"column":8},"end":{"line":150,"column":76}},"84":{"start":{"line":151,"column":8},"end":{"line":151,"column":71}},"85":{"start":{"line":152,"column":8},"end":{"line":152,"column":51}},"86":{"start":{"line":154,"column":8},"end":{"line":172,"column":11}},"87":{"start":{"line":155,"column":12},"end":{"line":155,"column":62}},"88":{"start":{"line":157,"column":12},"end":{"line":157,"column":65}},"89":{"start":{"line":158,"column":12},"end":{"line":158,"column":66}},"90":{"start":{"line":159,"column":12},"end":{"line":159,"column":47}},"91":{"start":{"line":161,"column":12},"end":{"line":161,"column":64}},"92":{"start":{"line":163,"column":12},"end":{"line":167,"column":15}},"93":{"start":{"line":164,"column":16},"end":{"line":164,"column":63}},"94":{"start":{"line":165,"column":16},"end":{"line":165,"column":38}},"95":{"start":{"line":166,"column":16},"end":{"line":166,"column":54}},"96":{"start":{"line":169,"column":12},"end":{"line":169,"column":100}},"97":{"start":{"line":170,"column":12},"end":{"line":170,"column":53}},"98":{"start":{"line":171,"column":12},"end":{"line":171,"column":50}},"99":{"start":{"line":175,"column":4},"end":{"line":192,"column":5}},"100":{"start":{"line":176,"column":8},"end":{"line":191,"column":9}},"101":{"start":{"line":177,"column":12},"end":{"line":177,"column":29}},"102":{"start":{"line":178,"column":12},"end":{"line":178,"column":32}},"103":{"start":{"line":179,"column":12},"end":{"line":185,"column":13}},"104":{"start":{"line":180,"column":16},"end":{"line":180,"column":35}},"105":{"start":{"line":181,"column":16},"end":{"line":181,"column":32}},"106":{"start":{"line":183,"column":16},"end":{"line":183,"column":50}},"107":{"start":{"line":184,"column":16},"end":{"line":184,"column":44}},"108":{"start":{"line":187,"column":12},"end":{"line":187,"column":27}},"109":{"start":{"line":188,"column":12},"end":{"line":188,"column":46}},"110":{"start":{"line":189,"column":12},"end":{"line":189,"column":50}},"111":{"start":{"line":190,"column":12},"end":{"line":190,"column":49}},"112":{"start":{"line":194,"column":4},"end":{"line":209,"column":5}},"113":{"start":{"line":195,"column":8},"end":{"line":195,"column":60}},"114":{"start":{"line":197,"column":8},"end":{"line":197,"column":73}},"115":{"start":{"line":198,"column":8},"end":{"line":198,"column":73}},"116":{"start":{"line":200,"column":8},"end":{"line":207,"column":11}},"117":{"start":{"line":201,"column":12},"end":{"line":201,"column":70}},"118":{"start":{"line":202,"column":12},"end":{"line":202,"column":52}},"119":{"start":{"line":203,"column":12},"end":{"line":203,"column":65}},"120":{"start":{"line":204,"column":12},"end":{"line":204,"column":93}},"121":{"start":{"line":206,"column":12},"end":{"line":206,"column":48}},"122":{"start":{"line":208,"column":8},"end":{"line":208,"column":26}},"123":{"start":{"line":211,"column":4},"end":{"line":246,"column":5}},"124":{"start":{"line":212,"column":8},"end":{"line":212,"column":55}},"125":{"start":{"line":214,"column":8},"end":{"line":243,"column":11}},"126":{"start":{"line":215,"column":12},"end":{"line":242,"column":13}},"127":{"start":{"line":216,"column":16},"end":{"line":216,"column":58}},"128":{"start":{"line":217,"column":16},"end":{"line":217,"column":69}},"129":{"start":{"line":219,"column":16},"end":{"line":241,"column":17}},"130":{"start":{"line":220,"column":20},"end":{"line":220,"column":59}},"131":{"start":{"line":222,"column":20},"end":{"line":222,"column":51}},"132":{"start":{"line":223,"column":20},"end":{"line":223,"column":59}},"133":{"start":{"line":224,"column":20},"end":{"line":234,"column":21}},"134":{"start":{"line":225,"column":24},"end":{"line":225,"column":58}},"135":{"start":{"line":226,"column":24},"end":{"line":226,"column":115}},"136":{"start":{"line":229,"column":24},"end":{"line":233,"column":25}},"137":{"start":{"line":230,"column":28},"end":{"line":230,"column":71}},"138":{"start":{"line":231,"column":31},"end":{"line":233,"column":25}},"139":{"start":{"line":232,"column":28},"end":{"line":232,"column":66}},"140":{"start":{"line":236,"column":20},"end":{"line":236,"column":66}},"141":{"start":{"line":237,"column":20},"end":{"line":237,"column":53}},"142":{"start":{"line":238,"column":20},"end":{"line":238,"column":66}},"143":{"start":{"line":239,"column":20},"end":{"line":239,"column":59}},"144":{"start":{"line":240,"column":20},"end":{"line":240,"column":53}},"145":{"start":{"line":245,"column":8},"end":{"line":245,"column":28}},"146":{"start":{"line":248,"column":4},"end":{"line":267,"column":5}},"147":{"start":{"line":249,"column":8},"end":{"line":266,"column":11}},"148":{"start":{"line":250,"column":12},"end":{"line":250,"column":62}},"149":{"start":{"line":251,"column":12},"end":{"line":251,"column":72}},"150":{"start":{"line":252,"column":12},"end":{"line":252,"column":47}},"151":{"start":{"line":254,"column":12},"end":{"line":265,"column":13}},"152":{"start":{"line":255,"column":16},"end":{"line":255,"column":34}},"153":{"start":{"line":256,"column":16},"end":{"line":256,"column":68}},"154":{"start":{"line":258,"column":16},"end":{"line":258,"column":53}},"155":{"start":{"line":259,"column":16},"end":{"line":259,"column":58}},"156":{"start":{"line":260,"column":16},"end":{"line":264,"column":17}},"157":{"start":{"line":261,"column":20},"end":{"line":261,"column":55}},"158":{"start":{"line":262,"column":23},"end":{"line":264,"column":17}},"159":{"start":{"line":263,"column":20},"end":{"line":263,"column":50}},"160":{"start":{"line":271,"column":4},"end":{"line":280,"column":5}},"161":{"start":{"line":272,"column":8},"end":{"line":272,"column":35}},"162":{"start":{"line":273,"column":8},"end":{"line":276,"column":9}},"163":{"start":{"line":274,"column":12},"end":{"line":274,"column":74}},"164":{"start":{"line":275,"column":12},"end":{"line":275,"column":62}},"165":{"start":{"line":277,"column":8},"end":{"line":279,"column":9}},"166":{"start":{"line":278,"column":12},"end":{"line":278,"column":53}},"167":{"start":{"line":282,"column":4},"end":{"line":292,"column":5}},"168":{"start":{"line":283,"column":8},"end":{"line":283,"column":32}},"169":{"start":{"line":284,"column":8},"end":{"line":284,"column":58}},"170":{"start":{"line":285,"column":8},"end":{"line":285,"column":61}},"171":{"start":{"line":287,"column":8},"end":{"line":290,"column":9}},"172":{"start":{"line":288,"column":12},"end":{"line":288,"column":31}},"173":{"start":{"line":289,"column":12},"end":{"line":289,"column":27}},"174":{"start":{"line":291,"column":8},"end":{"line":291,"column":100}},"175":{"start":{"line":295,"column":4},"end":{"line":317,"column":6}},"176":{"start":{"line":296,"column":8},"end":{"line":316,"column":11}},"177":{"start":{"line":297,"column":12},"end":{"line":297,"column":42}},"178":{"start":{"line":297,"column":35},"end":{"line":297,"column":42}},"179":{"start":{"line":298,"column":12},"end":{"line":302,"column":15}},"180":{"start":{"line":299,"column":16},"end":{"line":299,"column":46}},"181":{"start":{"line":300,"column":16},"end":{"line":300,"column":32}},"182":{"start":{"line":301,"column":16},"end":{"line":301,"column":39}},"183":{"start":{"line":304,"column":12},"end":{"line":304,"column":22}},"184":{"start":{"line":305,"column":12},"end":{"line":310,"column":15}},"185":{"start":{"line":306,"column":16},"end":{"line":306,"column":36}},"186":{"start":{"line":307,"column":16},"end":{"line":309,"column":25}},"187":{"start":{"line":308,"column":20},"end":{"line":308,"column":53}},"188":{"start":{"line":313,"column":12},"end":{"line":315,"column":15}},"189":{"start":{"line":314,"column":16},"end":{"line":314,"column":36}},"190":{"start":{"line":320,"column":0},"end":{"line":320,"column":28}}},"branchMap":{"1":{"line":13,"type":"binary-expr","locations":[{"start":{"line":13,"column":19},"end":{"line":13,"column":28}},{"start":{"line":13,"column":32},"end":{"line":13,"column":34}}]},"2":{"line":26,"type":"cond-expr","locations":[{"start":{"line":26,"column":17},"end":{"line":26,"column":30}},{"start":{"line":26,"column":33},"end":{"line":26,"column":43}}]},"3":{"line":43,"type":"binary-expr","locations":[{"start":{"line":43,"column":4},"end":{"line":43,"column":11}},{"start":{"line":43,"column":15},"end":{"line":43,"column":49}}]},"4":{"line":47,"type":"binary-expr","locations":[{"start":{"line":47,"column":11},"end":{"line":47,"column":22}},{"start":{"line":47,"column":26},"end":{"line":47,"column":39}},{"start":{"line":47,"column":43},"end":{"line":47,"column":89}}]},"5":{"line":52,"type":"binary-expr","locations":[{"start":{"line":52,"column":70},"end":{"line":52,"column":88}},{"start":{"line":52,"column":92},"end":{"line":52,"column":126}}]},"6":{"line":71,"type":"if","locations":[{"start":{"line":71,"column":8},"end":{"line":71,"column":8}},{"start":{"line":71,"column":8},"end":{"line":71,"column":8}}]},"7":{"line":99,"type":"binary-expr","locations":[{"start":{"line":99,"column":18},"end":{"line":99,"column":35}},{"start":{"line":99,"column":39},"end":{"line":99,"column":41}}]},"8":{"line":101,"type":"binary-expr","locations":[{"start":{"line":101,"column":15},"end":{"line":101,"column":30}},{"start":{"line":101,"column":34},"end":{"line":101,"column":41}}]},"9":{"line":102,"type":"binary-expr","locations":[{"start":{"line":102,"column":20},"end":{"line":102,"column":39}},{"start":{"line":102,"column":43},"end":{"line":102,"column":48}}]},"10":{"line":103,"type":"cond-expr","locations":[{"start":{"line":103,"column":42},"end":{"line":103,"column":63}},{"start":{"line":103,"column":66},"end":{"line":103,"column":67}}]},"11":{"line":103,"type":"binary-expr","locations":[{"start":{"line":103,"column":42},"end":{"line":103,"column":58}},{"start":{"line":103,"column":62},"end":{"line":103,"column":63}}]},"12":{"line":104,"type":"binary-expr","locations":[{"start":{"line":104,"column":14},"end":{"line":104,"column":28}},{"start":{"line":104,"column":32},"end":{"line":104,"column":67}}]},"13":{"line":105,"type":"binary-expr","locations":[{"start":{"line":105,"column":17},"end":{"line":105,"column":34}},{"start":{"line":105,"column":38},"end":{"line":105,"column":52}}]},"14":{"line":106,"type":"binary-expr","locations":[{"start":{"line":106,"column":13},"end":{"line":106,"column":26}},{"start":{"line":106,"column":30},"end":{"line":106,"column":44}}]},"15":{"line":119,"type":"cond-expr","locations":[{"start":{"line":119,"column":40},"end":{"line":119,"column":45}},{"start":{"line":119,"column":48},"end":{"line":119,"column":114}}]},"16":{"line":119,"type":"binary-expr","locations":[{"start":{"line":119,"column":64},"end":{"line":119,"column":73}},{"start":{"line":119,"column":77},"end":{"line":119,"column":107}},{"start":{"line":119,"column":111},"end":{"line":119,"column":113}}]},"17":{"line":121,"type":"binary-expr","locations":[{"start":{"line":121,"column":30},"end":{"line":121,"column":37}},{"start":{"line":121,"column":41},"end":{"line":121,"column":69}},{"start":{"line":121,"column":73},"end":{"line":121,"column":75}}]},"18":{"line":124,"type":"if","locations":[{"start":{"line":124,"column":8},"end":{"line":124,"column":8}},{"start":{"line":124,"column":8},"end":{"line":124,"column":8}}]},"19":{"line":125,"type":"cond-expr","locations":[{"start":{"line":125,"column":50},"end":{"line":125,"column":59}},{"start":{"line":125,"column":62},"end":{"line":125,"column":113}}]},"20":{"line":128,"type":"cond-expr","locations":[{"start":{"line":128,"column":89},"end":{"line":128,"column":101}},{"start":{"line":128,"column":104},"end":{"line":128,"column":109}}]},"21":{"line":128,"type":"binary-expr","locations":[{"start":{"line":128,"column":23},"end":{"line":128,"column":63}},{"start":{"line":128,"column":67},"end":{"line":128,"column":86}}]},"22":{"line":137,"type":"if","locations":[{"start":{"line":137,"column":16},"end":{"line":137,"column":16}},{"start":{"line":137,"column":16},"end":{"line":137,"column":16}}]},"23":{"line":137,"type":"binary-expr","locations":[{"start":{"line":137,"column":20},"end":{"line":137,"column":30}},{"start":{"line":137,"column":34},"end":{"line":137,"column":92}},{"start":{"line":137,"column":96},"end":{"line":137,"column":125}}]},"24":{"line":148,"type":"cond-expr","locations":[{"start":{"line":148,"column":88},"end":{"line":148,"column":97}},{"start":{"line":148,"column":100},"end":{"line":148,"column":105}}]},"25":{"line":148,"type":"binary-expr","locations":[{"start":{"line":148,"column":24},"end":{"line":148,"column":44}},{"start":{"line":148,"column":48},"end":{"line":148,"column":85}}]},"26":{"line":176,"type":"if","locations":[{"start":{"line":176,"column":8},"end":{"line":176,"column":8}},{"start":{"line":176,"column":8},"end":{"line":176,"column":8}}]},"27":{"line":179,"type":"if","locations":[{"start":{"line":179,"column":12},"end":{"line":179,"column":12}},{"start":{"line":179,"column":12},"end":{"line":179,"column":12}}]},"28":{"line":201,"type":"cond-expr","locations":[{"start":{"line":201,"column":63},"end":{"line":201,"column":64}},{"start":{"line":201,"column":67},"end":{"line":201,"column":69}}]},"29":{"line":216,"type":"binary-expr","locations":[{"start":{"line":216,"column":34},"end":{"line":216,"column":41}},{"start":{"line":216,"column":45},"end":{"line":216,"column":57}}]},"30":{"line":219,"type":"if","locations":[{"start":{"line":219,"column":16},"end":{"line":219,"column":16}},{"start":{"line":219,"column":16},"end":{"line":219,"column":16}}]},"31":{"line":224,"type":"if","locations":[{"start":{"line":224,"column":20},"end":{"line":224,"column":20}},{"start":{"line":224,"column":20},"end":{"line":224,"column":20}}]},"32":{"line":224,"type":"binary-expr","locations":[{"start":{"line":224,"column":25},"end":{"line":224,"column":45}},{"start":{"line":224,"column":49},"end":{"line":224,"column":69}},{"start":{"line":224,"column":74},"end":{"line":224,"column":98}},{"start":{"line":224,"column":102},"end":{"line":224,"column":121}}]},"33":{"line":229,"type":"if","locations":[{"start":{"line":229,"column":24},"end":{"line":229,"column":24}},{"start":{"line":229,"column":24},"end":{"line":229,"column":24}}]},"34":{"line":229,"type":"binary-expr","locations":[{"start":{"line":229,"column":28},"end":{"line":229,"column":49}},{"start":{"line":229,"column":53},"end":{"line":229,"column":76}}]},"35":{"line":231,"type":"if","locations":[{"start":{"line":231,"column":31},"end":{"line":231,"column":31}},{"start":{"line":231,"column":31},"end":{"line":231,"column":31}}]},"36":{"line":231,"type":"binary-expr","locations":[{"start":{"line":231,"column":35},"end":{"line":231,"column":67}},{"start":{"line":231,"column":71},"end":{"line":231,"column":106}}]},"37":{"line":260,"type":"if","locations":[{"start":{"line":260,"column":16},"end":{"line":260,"column":16}},{"start":{"line":260,"column":16},"end":{"line":260,"column":16}}]},"38":{"line":260,"type":"binary-expr","locations":[{"start":{"line":260,"column":20},"end":{"line":260,"column":44}},{"start":{"line":260,"column":48},"end":{"line":260,"column":66}},{"start":{"line":260,"column":70},"end":{"line":260,"column":88}}]},"39":{"line":262,"type":"if","locations":[{"start":{"line":262,"column":23},"end":{"line":262,"column":23}},{"start":{"line":262,"column":23},"end":{"line":262,"column":23}}]},"40":{"line":262,"type":"binary-expr","locations":[{"start":{"line":262,"column":27},"end":{"line":262,"column":47}},{"start":{"line":262,"column":52},"end":{"line":262,"column":72}},{"start":{"line":262,"column":76},"end":{"line":262,"column":101}}]},"41":{"line":272,"type":"binary-expr","locations":[{"start":{"line":272,"column":18},"end":{"line":272,"column":25}},{"start":{"line":272,"column":29},"end":{"line":272,"column":34}}]},"42":{"line":273,"type":"if","locations":[{"start":{"line":273,"column":8},"end":{"line":273,"column":8}},{"start":{"line":273,"column":8},"end":{"line":273,"column":8}}]},"43":{"line":273,"type":"binary-expr","locations":[{"start":{"line":273,"column":12},"end":{"line":273,"column":32}},{"start":{"line":273,"column":36},"end":{"line":273,"column":72}}]},"44":{"line":277,"type":"if","locations":[{"start":{"line":277,"column":8},"end":{"line":277,"column":8}},{"start":{"line":277,"column":8},"end":{"line":277,"column":8}}]},"45":{"line":284,"type":"binary-expr","locations":[{"start":{"line":284,"column":30},"end":{"line":284,"column":33}},{"start":{"line":284,"column":37},"end":{"line":284,"column":57}}]},"46":{"line":287,"type":"if","locations":[{"start":{"line":287,"column":8},"end":{"line":287,"column":8}},{"start":{"line":287,"column":8},"end":{"line":287,"column":8}}]},"47":{"line":287,"type":"binary-expr","locations":[{"start":{"line":287,"column":12},"end":{"line":287,"column":26}},{"start":{"line":287,"column":31},"end":{"line":287,"column":45}},{"start":{"line":287,"column":49},"end":{"line":287,"column":97}}]},"48":{"line":291,"type":"binary-expr","locations":[{"start":{"line":291,"column":8},"end":{"line":291,"column":51}},{"start":{"line":291,"column":55},"end":{"line":291,"column":99}}]},"49":{"line":297,"type":"if","locations":[{"start":{"line":297,"column":12},"end":{"line":297,"column":12}},{"start":{"line":297,"column":12},"end":{"line":297,"column":12}}]},"50":{"line":299,"type":"binary-expr","locations":[{"start":{"line":299,"column":16},"end":{"line":299,"column":25}},{"start":{"line":299,"column":29},"end":{"line":299,"column":45}}]}}}}