TN:
SF:/Users/ray.borkowski/Projects/tiny-picker/spec/unit/tiny-picker.spec.js
FN:9,(anonymous_1)
FN:10,setUpTinyPicker
FN:18,(anonymous_3)
FN:21,(anonymous_4)
FNF:4
FNH:3
FNDA:1,(anonymous_1)
FNDA:1,setUpTinyPicker
FNDA:0,(anonymous_3)
FNDA:1,(anonymous_4)
DA:1,1
DA:2,1
DA:3,1
DA:4,1
DA:5,1
DA:6,1
DA:7,1
DA:9,1
DA:10,1
DA:11,1
DA:18,0
DA:21,1
DA:22,1
DA:24,1
LF:14
LH:13
BRF:0
BRH:0
end_of_record
TN:
SF:/Users/ray.borkowski/Projects/tiny-picker/index.js
FN:11,createElementWithClass
FN:17,appendChild
FN:21,getFirstElementByClass
FN:25,newDateInstance
FN:29,addClass
FN:33,getTime
FN:37,getNumberOfWeeks
FN:41,removeCalendar
FN:46,isDateTodayOrFuture
FN:50,positionCalendar
FN:56,writeCSSToHead
FN:62,getDays
FN:84,getMonthsInfoForCalendar
FN:97,TinyPicker
FN:105,(anonymous_15)
FN:106,(anonymous_16)
FN:123,showCalendar
FN:133,(anonymous_18)
FN:134,(anonymous_19)
FN:144,renderCalendar
FN:154,(anonymous_21)
FN:163,(anonymous_22)
FN:175,handleCalendarState
FN:194,getChevrons
FN:200,(anonymous_25)
FN:211,createCalInnerWorkings
FN:214,(anonymous_27)
FN:248,hoverRange
FN:249,(anonymous_29)
FN:271,setDateInEl
FN:282,userInputedDateHandler
FN:295,(anonymous_32)
FN:296,(anonymous_33)
FN:298,(anonymous_34)
FN:305,(anonymous_35)
FN:307,(anonymous_36)
FN:313,(anonymous_37)
FNF:37
FNH:6
FNDA:0,createElementWithClass
FNDA:0,appendChild
FNDA:0,getFirstElementByClass
FNDA:4,newDateInstance
FNDA:0,addClass
FNDA:1,getTime
FNDA:0,getNumberOfWeeks
FNDA:0,removeCalendar
FNDA:0,isDateTodayOrFuture
FNDA:0,positionCalendar
FNDA:0,writeCSSToHead
FNDA:0,getDays
FNDA:0,getMonthsInfoForCalendar
FNDA:1,TinyPicker
FNDA:0,(anonymous_15)
FNDA:0,(anonymous_16)
FNDA:0,showCalendar
FNDA:0,(anonymous_18)
FNDA:0,(anonymous_19)
FNDA:0,renderCalendar
FNDA:0,(anonymous_21)
FNDA:0,(anonymous_22)
FNDA:0,handleCalendarState
FNDA:0,getChevrons
FNDA:0,(anonymous_25)
FNDA:0,createCalInnerWorkings
FNDA:0,(anonymous_27)
FNDA:0,hoverRange
FNDA:0,(anonymous_29)
FNDA:2,setDateInEl
FNDA:0,userInputedDateHandler
FNDA:1,(anonymous_32)
FNDA:2,(anonymous_33)
FNDA:0,(anonymous_34)
FNDA:0,(anonymous_35)
FNDA:0,(anonymous_36)
FNDA:0,(anonymous_37)
DA:11,1
DA:12,0
DA:13,0
DA:14,0
DA:17,1
DA:18,0
DA:21,1
DA:22,0
DA:25,1
DA:26,4
DA:29,1
DA:30,0
DA:33,1
DA:34,1
DA:37,1
DA:38,0
DA:41,1
DA:42,0
DA:43,0
DA:46,1
DA:47,0
DA:50,1
DA:51,0
DA:52,0
DA:53,0
DA:56,1
DA:57,0
DA:58,0
DA:59,0
DA:62,1
DA:63,0
DA:68,0
DA:69,0
DA:70,0
DA:71,0
DA:72,0
DA:75,0
DA:76,0
DA:79,0
DA:81,0
DA:84,1
DA:85,0
DA:86,0
DA:87,0
DA:88,0
DA:89,0
DA:90,0
DA:91,0
DA:94,0
DA:97,1
DA:98,1
DA:99,1
DA:100,1
DA:108,1
DA:109,1
DA:110,1
DA:112,1
DA:113,1
DA:114,1
DA:115,1
DA:116,1
DA:117,1
DA:118,1
DA:119,1
DA:120,1
DA:121,1
DA:123,1
DA:124,0
DA:125,0
DA:128,0
DA:129,0
DA:130,0
DA:133,0
DA:134,0
DA:135,0
DA:136,0
DA:137,0
DA:138,0
DA:144,1
DA:145,0
DA:147,0
DA:148,0
DA:150,0
DA:151,0
DA:152,0
DA:154,0
DA:155,0
DA:157,0
DA:158,0
DA:159,0
DA:161,0
DA:163,0
DA:164,0
DA:165,0
DA:166,0
DA:169,0
DA:170,0
DA:171,0
DA:175,1
DA:176,0
DA:177,0
DA:178,0
DA:179,0
DA:180,0
DA:181,0
DA:183,0
DA:184,0
DA:187,0
DA:188,0
DA:189,0
DA:190,0
DA:194,1
DA:195,0
DA:197,0
DA:198,0
DA:200,0
DA:201,0
DA:202,0
DA:203,0
DA:204,0
DA:206,0
DA:208,0
DA:211,1
DA:212,0
DA:214,0
DA:215,0
DA:216,0
DA:217,0
DA:219,0
DA:220,0
DA:222,0
DA:223,0
DA:224,0
DA:225,0
DA:226,0
DA:229,0
DA:230,0
DA:231,0
DA:232,0
DA:236,0
DA:237,0
DA:238,0
DA:239,0
DA:240,0
DA:245,0
DA:248,1
DA:249,0
DA:250,0
DA:251,0
DA:252,0
DA:254,0
DA:255,0
DA:256,0
DA:258,0
DA:259,0
DA:260,0
DA:261,0
DA:262,0
DA:263,0
DA:271,1
DA:272,2
DA:273,2
DA:274,1
DA:275,1
DA:277,2
DA:278,0
DA:282,1
DA:283,0
DA:284,0
DA:285,0
DA:287,0
DA:288,0
DA:289,0
DA:291,0
DA:295,1
DA:296,1
DA:297,2
DA:298,1
DA:299,0
DA:300,0
DA:301,0
DA:304,1
DA:305,1
DA:306,0
DA:307,0
DA:308,0
DA:313,1
DA:314,0
DA:320,1
LF:189
LH:53
BRDA:13,1,0,0
BRDA:13,1,1,0
BRDA:26,2,0,2
BRDA:26,2,1,2
BRDA:43,3,0,0
BRDA:43,3,1,0
BRDA:47,4,0,0
BRDA:47,4,1,0
BRDA:47,4,2,0
BRDA:52,5,0,0
BRDA:52,5,1,0
BRDA:71,6,0,0
BRDA:71,6,1,0
BRDA:99,7,0,1
BRDA:99,7,1,1
BRDA:101,8,0,1
BRDA:101,8,1,0
BRDA:102,9,0,1
BRDA:102,9,1,0
BRDA:103,10,0,1
BRDA:103,10,1,0
BRDA:103,11,0,1
BRDA:103,11,1,0
BRDA:104,12,0,1
BRDA:104,12,1,0
BRDA:105,13,0,1
BRDA:105,13,1,0
BRDA:106,14,0,1
BRDA:106,14,1,1
BRDA:119,15,0,0
BRDA:119,15,1,1
BRDA:119,16,0,1
BRDA:119,16,1,1
BRDA:119,16,2,0
BRDA:121,17,0,1
BRDA:121,17,1,0
BRDA:121,17,2,1
BRDA:124,18,0,0
BRDA:124,18,1,0
BRDA:125,19,0,0
BRDA:125,19,1,0
BRDA:128,20,0,0
BRDA:128,20,1,0
BRDA:128,21,0,0
BRDA:128,21,1,0
BRDA:137,22,0,0
BRDA:137,22,1,0
BRDA:137,23,0,0
BRDA:137,23,1,0
BRDA:137,23,2,0
BRDA:148,24,0,0
BRDA:148,24,1,0
BRDA:148,25,0,0
BRDA:148,25,1,0
BRDA:176,26,0,0
BRDA:176,26,1,0
BRDA:179,27,0,0
BRDA:179,27,1,0
BRDA:201,28,0,0
BRDA:201,28,1,0
BRDA:216,29,0,0
BRDA:216,29,1,0
BRDA:219,30,0,0
BRDA:219,30,1,0
BRDA:224,31,0,0
BRDA:224,31,1,0
BRDA:224,32,0,0
BRDA:224,32,1,0
BRDA:224,32,2,0
BRDA:224,32,3,0
BRDA:229,33,0,0
BRDA:229,33,1,0
BRDA:229,34,0,0
BRDA:229,34,1,0
BRDA:231,35,0,0
BRDA:231,35,1,0
BRDA:231,36,0,0
BRDA:231,36,1,0
BRDA:260,37,0,0
BRDA:260,37,1,0
BRDA:260,38,0,0
BRDA:260,38,1,0
BRDA:260,38,2,0
BRDA:262,39,0,0
BRDA:262,39,1,0
BRDA:262,40,0,0
BRDA:262,40,1,0
BRDA:262,40,2,0
BRDA:272,41,0,2
BRDA:272,41,1,0
BRDA:273,42,0,1
BRDA:273,42,1,1
BRDA:273,43,0,2
BRDA:273,43,1,1
BRDA:277,44,0,0
BRDA:277,44,1,2
BRDA:284,45,0,0
BRDA:284,45,1,0
BRDA:287,46,0,0
BRDA:287,46,1,0
BRDA:287,47,0,0
BRDA:287,47,1,0
BRDA:287,47,2,0
BRDA:291,48,0,0
BRDA:291,48,1,0
BRDA:297,49,0,1
BRDA:297,49,1,1
BRDA:299,50,0,0
BRDA:299,50,1,0
BRF:109
BRH:25
end_of_record
